Log file open, 10/17/18 17:29:44
LogWindows: Failed to load 'aqProf.dll' (GetLastError=126)
LogWindows: File 'aqProf.dll' does not exist
LogWindows: Failed to load 'VSPerf140.dll' (GetLastError=126)
LogWindows: File 'VSPerf140.dll' does not exist
LogWindows: Failed to load 'VtuneApi.dll' (GetLastError=126)
LogWindows: File 'VtuneApi.dll' does not exist
LogWindows: Failed to load 'VtuneApi32e.dll' (GetLastError=126)
LogWindows: File 'VtuneApi32e.dll' does not exist
LogInit: Display: Running engine for game: GridGenerator
LogPlatformFile: Not using cached read wrapper
LogTaskGraph: Started task graph with 5 named threads and 14 total threads with 3 sets of task threads.
LogStats: Stats thread started at 0.188567
LogD3D11RHI: Loaded GFSDK_Aftermath_Lib.x64.dll
LogICUInternationalization: Display: ICU TimeZone Detection - Raw Offset: +5:30, Platform Override: ''
LogPluginManager: Mounting plugin Paper2D
LogPluginManager: Mounting plugin AISupport
LogPluginManager: Mounting plugin LightPropagationVolume
LogPluginManager: Mounting plugin CLionSourceCodeAccess
LogPluginManager: Mounting plugin CodeLiteSourceCodeAccess
LogPluginManager: Mounting plugin GitSourceControl
LogPluginManager: Mounting plugin KDevelopSourceCodeAccess
LogPluginManager: Mounting plugin NullSourceCodeAccess
LogPluginManager: Mounting plugin PerforceSourceControl
LogPluginManager: Mounting plugin SubversionSourceControl
LogPluginManager: Mounting plugin UObjectPlugin
LogPluginManager: Mounting plugin VisualStudioCodeSourceCodeAccess
LogPluginManager: Mounting plugin VisualStudioSourceCodeAccess
LogPluginManager: Mounting plugin XCodeSourceCodeAccess
LogPluginManager: Mounting plugin AssetManagerEditor
LogPluginManager: Mounting plugin CryptoKeys
LogPluginManager: Mounting plugin DataValidation
LogPluginManager: Mounting plugin EditorScriptingUtilities
LogPluginManager: Mounting plugin FacialAnimation
LogPluginManager: Mounting plugin GameplayTagsEditor
LogPluginManager: Mounting plugin MacGraphicsSwitching
LogPluginManager: Mounting plugin MeshEditor
LogPluginManager: Mounting plugin MobileLauncherProfileWizard
LogPluginManager: Mounting plugin PluginBrowser
LogPluginManager: Mounting plugin SpeedTreeImporter
LogPluginManager: Mounting plugin DatasmithContent
LogPluginManager: Mounting plugin AlembicImporter
LogPluginManager: Mounting plugin AppleImageUtils
LogPluginManager: Mounting plugin AppleVision
LogPluginManager: Mounting plugin BackChannel
LogPluginManager: Mounting plugin CharacterAI
LogPluginManager: Mounting plugin GeometryCache
LogPluginManager: Mounting plugin HTML5Networking
LogPluginManager: Mounting plugin ProxyLODPlugin
LogPluginManager: Mounting plugin MagicLeap
LogPluginManager: Mounting plugin MagicLeapEmulator
LogPluginManager: Mounting plugin MagicLeapMedia
LogPluginManager: Mounting plugin AndroidMedia
LogPluginManager: Mounting plugin AvfMedia
LogPluginManager: Mounting plugin ImgMedia
LogPluginManager: Mounting plugin LinearTimecode
LogPluginManager: Mounting plugin MediaCompositing
LogPluginManager: Mounting plugin MediaPlayerEditor
LogPluginManager: Mounting plugin WmfMedia
LogPluginManager: Mounting plugin TcpMessaging
LogPluginManager: Mounting plugin UdpMessaging
LogPluginManager: Mounting plugin ActorSequence
LogPluginManager: Mounting plugin LevelSequenceEditor
LogPluginManager: Mounting plugin MatineeToLevelSequence
LogPluginManager: Mounting plugin NetcodeUnitTest
LogPluginManager: Mounting plugin NUTUnrealEngine4
LogPluginManager: Mounting plugin OnlineSubsystemGooglePlay
LogPluginManager: Mounting plugin OnlineSubsystemIOS
LogPluginManager: Mounting plugin OnlineSubsystem
LogPluginManager: Mounting plugin OnlineSubsystemNull
LogPluginManager: Mounting plugin OnlineSubsystemUtils
LogPluginManager: Mounting plugin LauncherChunkInstaller
LogPluginManager: Mounting plugin AndroidDeviceProfileSelector
LogPluginManager: Mounting plugin AndroidMoviePlayer
LogPluginManager: Mounting plugin AndroidPermission
LogPluginManager: Mounting plugin AppleMoviePlayer
LogPluginManager: Mounting plugin ArchVisCharacter
LogPluginManager: Mounting plugin AudioCapture
LogPluginManager: Mounting plugin CableComponent
LogPluginManager: Mounting plugin CustomMeshComponent
LogPluginManager: Mounting plugin EditableMesh
LogPluginManager: Mounting plugin ExampleDeviceProfileSelector
LogPluginManager: Mounting plugin GoogleCloudMessaging
LogPluginManager: Mounting plugin ImmediatePhysics
LogPluginManager: Mounting plugin IOSDeviceProfileSelector
LogPluginManager: Mounting plugin LinuxDeviceProfileSelector
LogPluginManager: Mounting plugin LocationServicesBPLibrary
LogPluginManager: Mounting plugin MobilePatchingUtils
LogPluginManager: Mounting plugin OculusVR
LogPluginManager: Plugin shader directory ../../../Engine/Plugins/Runtime/Oculus/OculusVR/Shaders found
LogPluginManager: Mapping shader source directory ../../../Engine/Plugins/Runtime/Oculus/OculusVR/Shaders to virtual directory /Plugin/OculusVR
LogPluginManager: Mounting plugin PhysXVehicles
LogPluginManager: Mounting plugin ProceduralMeshComponent
LogPluginManager: Mounting plugin RuntimePhysXCooking
LogPluginManager: Mounting plugin SteamVR
LogPluginManager: Mounting plugin WindowsMoviePlayer
LogPluginManager: Mounting plugin DatasmithCADImporter
LogPluginManager: Mounting plugin DatasmithFBXImporter
LogPluginManager: Mounting plugin DatasmithImporter
LogPluginManager: Mounting plugin DatasmithMDLImporter
LogPluginManager: Mounting plugin StaticMeshEditorExtension
LogStreaming: Display: Took  0.098s to configure plugins.
LogInit: Using libcurl 7.55.1-DEV
LogInit:  - built for x86_64-pc-win32
LogInit:  - supports SSL with OpenSSL/1.0.2h
LogInit:  - supports HTTP deflate (compression) using libz 1.2.8
LogInit:  - other features:
LogInit:      CURL_VERSION_SSL
LogInit:      CURL_VERSION_LIBZ
LogInit:      CURL_VERSION_IPV6
LogInit:      CURL_VERSION_ASYNCHDNS
LogInit:      CURL_VERSION_LARGEFILE
LogInit:      CURL_VERSION_IDN
LogInit:  CurlRequestOptions (configurable via config and command line):
LogInit:  - bVerifyPeer = false  - Libcurl will NOT verify peer certificate
LogInit:  - bUseHttpProxy = false  - Libcurl will NOT use HTTP proxy
LogInit:  - bDontReuseConnections = false  - Libcurl will reuse connections
LogInit:  - CertBundlePath = nullptr  - Libcurl will use whatever was configured at build time.
LogInit:  - MaxHostConnections = 16  - Libcurl will limit the number of connections to a host
LogInit:  - LocalHostAddr = Default
LogInit:  - BufferSize = 65536
LogInit: WinSock: version 1.1 (2.2), MaxSocks=32767, MaxUdp=65467
LogInit: Build: ++UE4+Release-4.20-CL-4369336
LogInit: Engine Version: 4.20.3-4369336+++UE4+Release-4.20
LogInit: Compatible Engine Version: 4.20.0-4212847+++UE4+Release-4.20
LogInit: Net CL: 4212847
LogInit: OS: Windows 10 (), CPU: Intel(R) Core(TM) i5-4440 CPU @ 3.10GHz, GPU: NVIDIA GeForce GTX 660
LogInit: Compiled (64-bit): Sep 17 2018 12:26:19
LogInit: Compiled with Visual C++: 19.13.26129.00
LogInit: Build Configuration: Development
LogInit: Branch Name: ++UE4+Release-4.20
LogInit: Command Line:  
LogInit: Base Directory: C:/Program Files/Epic Games/UE_4.20/Engine/Binaries/Win64/
LogInit: Installed Engine Build: 1
LogDevObjectVersion: Number of dev versions registered: 20
LogDevObjectVersion:   Dev-Blueprints (B0D832E4-1F89-4F0D-ACCF-7EB736FD4AA2): 10
LogDevObjectVersion:   Dev-Build (E1C64328-A22C-4D53-A36C-8E866417BD8C): 0
LogDevObjectVersion:   Dev-Core (375EC13C-06E4-48FB-B500-84F0262A717E): 2
LogDevObjectVersion:   Dev-Editor (E4B068ED-F494-42E9-A231-DA0B2E46BB41): 24
LogDevObjectVersion:   Dev-Framework (CFFC743F-43B0-4480-9391-14DF171D2073): 34
LogDevObjectVersion:   Dev-Mobile (B02B49B5-BB20-44E9-A304-32B752E40360): 2
LogDevObjectVersion:   Dev-Networking (A4E4105C-59A1-49B5-A7C5-40C4547EDFEE): 0
LogDevObjectVersion:   Dev-Online (39C831C9-5AE6-47DC-9A44-9C173E1C8E7C): 0
LogDevObjectVersion:   Dev-Physics (78F01B33-EBEA-4F98-B9B4-84EACCB95AA2): 0
LogDevObjectVersion:   Dev-Platform (6631380F-2D4D-43E0-8009-CF276956A95A): 0
LogDevObjectVersion:   Dev-Rendering (12F88B9F-8875-4AFC-A67C-D90C383ABD29): 26
LogDevObjectVersion:   Dev-Sequencer (7B5AE74C-D270-4C10-A958-57980B212A5A): 9
LogDevObjectVersion:   Dev-VR (D7296918-1DD6-4BDD-9DE2-64A83CC13884): 2
LogDevObjectVersion:   Dev-LoadTimes (C2A15278-BFE7-4AFE-6C17-90FF531DF755): 1
LogDevObjectVersion:   Private-Geometry (6EACA3D4-40EC-4CC1-B786-8BED09428FC5): 3
LogDevObjectVersion:   Dev-AnimPhys (29E575DD-E0A3-4627-9D10-D276232CDCEA): 17
LogDevObjectVersion:   Dev-ReflectionCapture (6B266CEC-1EC7-4B8F-A30B-E4D90942FC07): 1
LogDevObjectVersion:   Dev-Automation (0DF73D61-A23F-47EA-B727-89E90C41499A): 1
LogDevObjectVersion:   FortniteMain (601D1886-AC64-4F84-AA16-D3DE0DEAC7D6): 12
LogDevObjectVersion:   Dev-Enterprise (9DFFBCD6-494F-0158-E221-12823C92A888): 1
LogStreaming: Display: Took  0.000s to delete old logs.
LogInit: Presizing for max 8388607 objects, including 0 objects not considered by GC, pre-allocating 0 bytes for permanent pool.
LogInit: Object subsystem initialized
[2018.10.17-11.59.45:250][  0]LogInit: Selected Device Profile: [Windows]
[2018.10.17-11.59.45:250][  0]LogInit: Applying CVar settings loaded from the selected device profile: [Windows]
[2018.10.17-11.59.45:261][  0]LogHAL: Display: Platform has ~ 8 GB [8531214336 / 8589934592 / 8], which maps to Default [LargestMinGB=32, LargerMinGB=12, DefaultMinGB=8, SmallerMinGB=6, SmallestMinGB=0)
[2018.10.17-11.59.45:261][  0]LogInit: Setting Device Profile CVar: [[r.Vulkan.UseRealUBs:1]]
[2018.10.17-11.59.45:261][  0]LogInit: Going up to parent DeviceProfile []
[2018.10.17-11.59.45:261][  0]LogInit: Computer: ROHIT-PC
[2018.10.17-11.59.45:261][  0]LogInit: User: Rohit
[2018.10.17-11.59.45:261][  0]LogInit: CPU Page size=4096, Cores=4
[2018.10.17-11.59.45:261][  0]LogInit: High frequency timer resolution =3.027353 MHz
[2018.10.17-11.59.45:261][  0]LogMemory: Memory total: Physical=7.9GB (8GB approx)
[2018.10.17-11.59.45:261][  0]LogMemory: Platform Memory Stats for Windows
[2018.10.17-11.59.45:261][  0]LogMemory: Process Physical Memory: 98.96 MB used, 98.96 MB peak
[2018.10.17-11.59.45:261][  0]LogMemory: Process Virtual Memory: 82.67 MB used, 82.67 MB peak
[2018.10.17-11.59.45:261][  0]LogMemory: Physical Memory: 2824.02 MB used,  5311.98 MB free, 8136.00 MB total
[2018.10.17-11.59.45:261][  0]LogMemory: Virtual Memory: 4623.52 MB used,  5311.98 MB free, 134217728.00 MB total
[2018.10.17-11.59.45:279][  0]LogInit: Using OS detected language (en-US).
[2018.10.17-11.59.45:279][  0]LogInit: Using OS detected locale (en-US).
[2018.10.17-11.59.45:280][  0]LogTextLocalizationManager: No specific localization for 'en-US' exists, so the 'en' localization will be used.
[2018.10.17-11.59.45:659][  0]LogStreaming: Display: Took  0.380s to InitEngineTextLocalization.
[2018.10.17-11.59.45:660][  0]LogInit: Setting process to per monitor DPI aware
[2018.10.17-11.59.45:688][  0]LogSlate: New Slate User Created.  User Index 0, Is Virtual User: 0
[2018.10.17-11.59.45:688][  0]LogSlate: Slate User Registered.  User Index 0, Is Virtual User: 0
[2018.10.17-11.59.45:865][  0]LogHMD: Failed to initialize OpenVR with code 110
[2018.10.17-11.59.45:865][  0]LogD3D11RHI: D3D11 adapters:
[2018.10.17-11.59.45:920][  0]LogD3D11RHI:    0. 'NVIDIA GeForce GTX 660' (Feature Level 11_0)
[2018.10.17-11.59.45:920][  0]LogD3D11RHI:       1998/0/4068 MB DedicatedVideo/DedicatedSystem/SharedSystem, Outputs:1, VendorId:0x10de
[2018.10.17-11.59.45:922][  0]LogD3D11RHI:    1. 'Microsoft Basic Render Driver' (Feature Level 11_0)
[2018.10.17-11.59.45:922][  0]LogD3D11RHI:       0/0/4068 MB DedicatedVideo/DedicatedSystem/SharedSystem, Outputs:0, VendorId:0x1414
[2018.10.17-11.59.45:922][  0]LogD3D11RHI: Chosen D3D11 Adapter: 0
[2018.10.17-11.59.45:926][  0]LogD3D11RHI: Creating new Direct3DDevice
[2018.10.17-11.59.45:926][  0]LogD3D11RHI:     GPU DeviceId: 0x11c0 (for the marketing name, search the web for "GPU Device Id")
[2018.10.17-11.59.45:926][  0]LogWindows: EnumDisplayDevices:
[2018.10.17-11.59.45:926][  0]LogWindows:    0. 'NVIDIA GeForce GTX 660' (P:1 D:1)
[2018.10.17-11.59.45:926][  0]LogWindows:    1. 'NVIDIA GeForce GTX 660' (P:0 D:0)
[2018.10.17-11.59.45:927][  0]LogWindows:    2. 'NVIDIA GeForce GTX 660' (P:0 D:0)
[2018.10.17-11.59.45:927][  0]LogWindows:    3. 'NVIDIA GeForce GTX 660' (P:0 D:0)
[2018.10.17-11.59.45:927][  0]LogWindows: DebugString: FoundDriverCount:4 
[2018.10.17-11.59.45:927][  0]LogD3D11RHI:     Adapter Name: NVIDIA GeForce GTX 660
[2018.10.17-11.59.45:927][  0]LogD3D11RHI:   Driver Version: 411.63 (internal:24.21.14.1163, unified:411.63)
[2018.10.17-11.59.45:927][  0]LogD3D11RHI:      Driver Date: 9-18-2018
[2018.10.17-11.59.45:927][  0]LogRHI: Texture pool is 1398 MB (70% of 1998 MB)
[2018.10.17-11.59.45:963][  0]LogD3D11RHI: Async texture creation enabled
[2018.10.17-11.59.45:981][  0]LogD3D11RHI: GPU Timing Frequency: 1000.000000 (Debug: 2 2)
[2018.10.17-11.59.45:982][  0]LogShaderCompilers: Guid format shader working directory is 1 characters bigger than the processId version (F:/GitHubProjects/UnrealEngine--GridGenerator/Intermediate/Shaders/WorkingDirectory/6724/).
[2018.10.17-11.59.45:982][  0]LogShaderCompilers: Cleaned the shader compiler working directory 'C:/Users/Rohit/AppData/Local/Temp/UnrealShaderWorkingDir/2A21D18B4535FA7B0C69D8840C8B5E0A/'.
[2018.10.17-11.59.46:223][  0]LogTemp: Display: Loaded TP AllDesktopTargetPlatform
[2018.10.17-11.59.46:237][  0]LogTemp: Display: Loaded TP MacClientTargetPlatform
[2018.10.17-11.59.46:251][  0]LogTemp: Display: Loaded TP MacNoEditorTargetPlatform
[2018.10.17-11.59.46:265][  0]LogTemp: Display: Loaded TP MacServerTargetPlatform
[2018.10.17-11.59.46:280][  0]LogTemp: Display: Loaded TP MacTargetPlatform
[2018.10.17-11.59.46:294][  0]LogTemp: Display: Loaded TP WindowsClientTargetPlatform
[2018.10.17-11.59.46:308][  0]LogTemp: Display: Loaded TP WindowsNoEditorTargetPlatform
[2018.10.17-11.59.46:321][  0]LogTemp: Display: Loaded TP WindowsServerTargetPlatform
[2018.10.17-11.59.46:328][  0]LogTemp: Display: Loaded TP WindowsTargetPlatform
[2018.10.17-11.59.46:406][  0]LogTemp: Display: Loaded TP AndroidTargetPlatform
[2018.10.17-11.59.46:406][  0]LogTemp: Display: Loaded TP AndroidTargetPlatform
[2018.10.17-11.59.46:406][  0]LogTemp: Display: Loaded TP AndroidTargetPlatform
[2018.10.17-11.59.46:406][  0]LogTemp: Display: Loaded TP AndroidTargetPlatform
[2018.10.17-11.59.46:406][  0]LogTemp: Display: Loaded TP AndroidTargetPlatform
[2018.10.17-11.59.46:406][  0]LogTemp: Display: Loaded TP AndroidTargetPlatform
[2018.10.17-11.59.46:406][  0]LogTemp: Display: Loaded TP AndroidTargetPlatform
[2018.10.17-11.59.46:406][  0]LogTemp: Display: Loaded TP AndroidTargetPlatform
[2018.10.17-11.59.46:406][  0]LogTemp: Display: Loaded TP AndroidTargetPlatform
[2018.10.17-11.59.46:406][  0]LogTemp: Display: Loaded TP AndroidTargetPlatform
[2018.10.17-11.59.46:406][  0]LogTemp: Display: Loaded TP AndroidTargetPlatform
[2018.10.17-11.59.46:406][  0]LogTemp: Display: Loaded TP AndroidTargetPlatform
[2018.10.17-11.59.46:406][  0]LogTemp: Display: Loaded TP AndroidTargetPlatform
[2018.10.17-11.59.46:406][  0]LogTemp: Display: Loaded TP AndroidTargetPlatform
[2018.10.17-11.59.46:406][  0]LogTemp: Display: Loaded TP AndroidTargetPlatform
[2018.10.17-11.59.46:406][  0]LogTemp: Display: Loaded TP AndroidTargetPlatform
[2018.10.17-11.59.46:406][  0]LogTemp: Display: Loaded TP AndroidTargetPlatform
[2018.10.17-11.59.46:406][  0]LogTemp: Display: Loaded TP AndroidTargetPlatform
[2018.10.17-11.59.46:407][  0]LogTemp: Display: Loaded TP HTML5TargetPlatform
[2018.10.17-11.59.46:468][  0]LogTemp: Display: Loaded TP IOSTargetPlatform
[2018.10.17-11.59.46:468][  0]LogTemp: Display: Loaded TP IOSTargetPlatform
[2018.10.17-11.59.46:492][  0]LogTemp: Display: Loaded TP TVOSTargetPlatform
[2018.10.17-11.59.46:492][  0]LogTemp: Display: Loaded TP TVOSTargetPlatform
[2018.10.17-11.59.46:505][  0]LogTemp: Display: Loaded TP LinuxClientTargetPlatform
[2018.10.17-11.59.46:518][  0]LogTemp: Display: Loaded TP LinuxNoEditorTargetPlatform
[2018.10.17-11.59.46:531][  0]LogTemp: Display: Loaded TP LinuxServerTargetPlatform
[2018.10.17-11.59.46:544][  0]LogTemp: Display: Loaded TP LinuxTargetPlatform
[2018.10.17-11.59.46:554][  0]LogTemp: Display: Loaded TP LuminTargetPlatform
[2018.10.17-11.59.46:554][  0]LogTargetPlatformManager: Display: Building Assets For Windows
[2018.10.17-11.59.46:612][  0]LogXGEController: Cleaning working directory: C:/Users/Rohit/AppData/Local/Temp/UnrealXGEWorkingDir/
[2018.10.17-11.59.46:612][  0]LogXGEController: Cannot use XGE Controller as Incredibuild is not installed on this machine.
[2018.10.17-11.59.46:612][  0]LogShaderCompilers: Cannot use XGE Shader Compiler as Incredibuild is not installed on this machine.
[2018.10.17-11.59.46:612][  0]LogShaderCompilers: Display: Using Local Shader Compiler.
[2018.10.17-11.59.47:355][  0]LogDerivedDataCache: Display: Max Cache Size: 512 MB
[2018.10.17-11.59.47:408][  0]LogDerivedDataCache: Loaded boot cache 0.05s 72MB C:/Users/Rohit/AppData/Local/UnrealEngine/4.20/DerivedDataCache/Boot.ddc.
[2018.10.17-11.59.47:408][  0]LogDerivedDataCache: Display: Loaded Boot cache: C:/Users/Rohit/AppData/Local/UnrealEngine/4.20/DerivedDataCache/Boot.ddc
[2018.10.17-11.59.47:408][  0]LogDerivedDataCache: FDerivedDataBackendGraph:  Pak pak cache file F:/GitHubProjects/UnrealEngine--GridGenerator/DerivedDataCache/DDC.ddp not found, will not use a pak cache.
[2018.10.17-11.59.47:408][  0]LogDerivedDataCache: Unable to find inner node Pak for hierarchical cache Hierarchy.
[2018.10.17-11.59.47:408][  0]LogDerivedDataCache: FDerivedDataBackendGraph:  CompressedPak pak cache file F:/GitHubProjects/UnrealEngine--GridGenerator/DerivedDataCache/Compressed.ddp not found, will not use a pak cache.
[2018.10.17-11.59.47:408][  0]LogDerivedDataCache: Unable to find inner node CompressedPak for hierarchical cache Hierarchy.
[2018.10.17-11.59.47:421][  0]LogDerivedDataCache: Display: Pak cache opened for reading ../../../Engine/DerivedDataCache/Compressed.ddp.
[2018.10.17-11.59.47:433][  0]LogDerivedDataCache: Using Local data cache path C:/Users/Rohit/AppData/Local/UnrealEngine/Common/DerivedDataCache: Writable
[2018.10.17-11.59.47:433][  0]LogDerivedDataCache: Shared data cache path not found in *engine.ini, will not use an Shared cache.
[2018.10.17-11.59.47:433][  0]LogDerivedDataCache: Unable to find inner node Shared for hierarchical cache Hierarchy.
[2018.10.17-11.59.47:452][  0]LogMaterial: Verifying Global Shaders for PCD3D_SM5
[2018.10.17-11.59.47:453][  0]LogSlate: Using FreeType 2.6.0
[2018.10.17-11.59.47:454][  0]LogSlate: SlateFontServices - WITH_FREETYPE: 1, WITH_HARFBUZZ: 1
[2018.10.17-11.59.47:530][  0]LogAssetRegistry: FAssetRegistry took 0.0267 seconds to start up
[2018.10.17-11.59.47:872][  0]LogInit: Selected Device Profile: [Windows]
[2018.10.17-11.59.48:010][  0]LogSimplygon: Simplygon DLL not present - disabling.
[2018.10.17-11.59.48:014][  0]LogMeshReduction: Using SimplygonSwarm for distributed automatic mesh merging
[2018.10.17-11.59.48:014][  0]LogMeshReduction: Using ProxyLODMeshReduction for automatic mesh merging
[2018.10.17-11.59.48:014][  0]LogMeshReduction: Using QuadricMeshReduction for automatic static mesh reduction
[2018.10.17-11.59.48:014][  0]LogMeshReduction: No automatic skeletal mesh reduction module available
[2018.10.17-11.59.48:026][  0]LogNetVersion: GridGenerator 1.0.0, NetCL: 4212847, EngineNetVer: 5, GameNetVer: 0 (Checksum: 4151104673)
[2018.10.17-11.59.48:532][  0]LogPackageLocalizationCache: Processed 13 localized package path(s) for 2 prioritized culture(s) in 0.107655 seconds
[2018.10.17-11.59.48:539][  0]LogUObjectArray: 38425 objects as part of root set at end of initial load.
[2018.10.17-11.59.48:539][  0]LogUObjectAllocator: 6690864 out of 0 bytes used by permanent object pool.
[2018.10.17-11.59.48:539][  0]LogUObjectArray: CloseDisregardForGC: 0/0 objects in disregard for GC pool
[2018.10.17-11.59.49:389][  0]LogTcpMessaging: Initializing TcpMessaging bridge
[2018.10.17-11.59.49:414][  0]LogUdpMessaging: Initializing bridge on interface 0.0.0.0:0 to multicast group 230.0.0.1:6666.
[2018.10.17-11.59.49:554][  0]SourceControl: Source control is disabled
[2018.10.17-11.59.49:554][  0]SourceControl: Source control is disabled
[2018.10.17-11.59.49:555][  0]SourceControl: Source control is disabled
[2018.10.17-11.59.49:556][  0]SourceControl: Source control is disabled
[2018.10.17-11.59.49:714][  0]LogAndroidPermission: UAndroidPermissionCallbackProxy::GetInstance
[2018.10.17-11.59.49:746][  0]LogOcInput: OculusInput pre-init called
[2018.10.17-11.59.51:587][  0]LogEngine: Initializing Engine...
[2018.10.17-11.59.51:588][  0]LogHMD: Failed to initialize OpenVR with code 110
[2018.10.17-11.59.51:589][  0]LogStats: UGameplayTagsManager::ConstructGameplayTagTree: ImportINI prefixes -  0.000 s
[2018.10.17-11.59.51:589][  0]LogStats: UGameplayTagsManager::ConstructGameplayTagTree: Construct from data asset -  0.000 s
[2018.10.17-11.59.51:589][  0]LogStats: UGameplayTagsManager::ConstructGameplayTagTree: ImportINI -  0.000 s
[2018.10.17-11.59.51:589][  0]LogStats: UGameplayTagsManager::ConstructGameplayTagTree: GameplayTagTreeChangedEvent.Broadcast -  0.000 s
[2018.10.17-11.59.51:802][  0]LogInit: Initializing FReadOnlyCVARCache
[2018.10.17-11.59.51:817][  0]LogAIModule: Creating AISystem for world Untitled
[2018.10.17-11.59.51:828][  0]LogInit: XAudio2 using 'Headphones (High Definition Audio Device)' : 2 channels at 44.1 kHz using 16 bits per sample (channel mask 0x3)
[2018.10.17-11.59.51:849][  0]LogInit: FAudioDevice initialized.
[2018.10.17-11.59.51:849][  0]LogNetVersion: Set ProjectVersion to 1.0.1. Version Checksum will be recalculated on next use.
[2018.10.17-11.59.51:922][  0]LogDerivedDataCache: Saved boot cache 0.07s 72MB C:/Users/Rohit/AppData/Local/UnrealEngine/4.20/DerivedDataCache/Boot.ddc.
[2018.10.17-11.59.51:933][  0]LogInit: Texture streaming: Enabled
[2018.10.17-11.59.51:950][  0]LogEngineSessionManager: EngineSessionManager initialized
[2018.10.17-11.59.51:965][  0]LogInit: Transaction tracking system initialized
[2018.10.17-11.59.51:986][  0]BlueprintLog: New page: Editor Load
[2018.10.17-11.59.52:059][  0]LocalizationService: Localization service is disabled
[2018.10.17-11.59.52:321][  0]LogCook: Display: Max memory allowance for cook 16384mb min free memory 0mb
[2018.10.17-11.59.52:321][  0]LogCook: Display: Mobile HDR setting 1
[2018.10.17-11.59.52:321][  0]LogGameplayTags: Display: UGameplayTagsManager::DoneAddingNativeTags. DelegateIsBound: 0
[2018.10.17-11.59.52:321][  0]LogStats: UGameplayTagsManager::ConstructGameplayTagTree: ImportINI prefixes -  0.000 s
[2018.10.17-11.59.52:321][  0]LogStats: UGameplayTagsManager::ConstructGameplayTagTree: Construct from data asset -  0.000 s
[2018.10.17-11.59.52:321][  0]LogStats: UGameplayTagsManager::ConstructGameplayTagTree: ImportINI -  0.000 s
[2018.10.17-11.59.52:321][  0]LogStats: UGameplayTagsManager::ConstructGameplayTagTree: GameplayTagTreeChangedEvent.Broadcast -  0.000 s
[2018.10.17-11.59.52:432][  0]LogFileCache: Scanning file cache for directory 'F:/GitHubProjects/UnrealEngine--GridGenerator/Content/' took 0.01s
[2018.10.17-11.59.53:568][  0]SourceControl: Source control is disabled
[2018.10.17-11.59.53:568][  0]Cmd: MAP LOAD FILE="F:/GitHubProjects/UnrealEngine--GridGenerator/Content/GridGenerator/Maps/Map_Sample.umap" TEMPLATE=0 SHOWPROGRESS=1 FEATURELEVEL=3
[2018.10.17-11.59.53:568][  0]LogEditorServer: Warning: Can't find file 'F:/GitHubProjects/UnrealEngine--GridGenerator/Content/GridGenerator/Maps/Map_Sample.umap'
[2018.10.17-11.59.53:568][  0]Cmd: MAP CHECKDEP NOCLEARLOG
[2018.10.17-11.59.53:631][  0]MapCheck: Map check complete: 0 Error(s), 0 Warning(s), took 62.719ms to complete.
[2018.10.17-11.59.53:631][  0]LogFileHelpers: Loading map 'Map_Sample' took 0.063
[2018.10.17-11.59.53:730][  0]LogSlate: Updating window title bar state: overlay mode, drag disabled, window buttons hidden, title bar hidden
[2018.10.17-11.59.53:737][  0]LogSlate: Updating window title bar state: overlay mode, drag disabled, window buttons hidden, title bar hidden
[2018.10.17-11.59.53:743][  0]LogSlate: Updating window title bar state: overlay mode, drag disabled, window buttons hidden, title bar hidden
[2018.10.17-11.59.53:750][  0]LogSlate: Updating window title bar state: overlay mode, drag disabled, window buttons hidden, title bar hidden
[2018.10.17-11.59.53:756][  0]LogCollectionManager: Loaded 0 collections in 0.001723 seconds
[2018.10.17-11.59.53:798][  0]LogFileCache: Scanning file cache for directory 'F:/GitHubProjects/UnrealEngine--GridGenerator/Saved/Collections/' took 0.01s
[2018.10.17-11.59.53:798][  0]LogFileCache: Scanning file cache for directory 'F:/GitHubProjects/UnrealEngine--GridGenerator/Content/Developers/Rohit/Collections/' took 0.01s
[2018.10.17-11.59.53:798][  0]LogFileCache: Scanning file cache for directory 'F:/GitHubProjects/UnrealEngine--GridGenerator/Content/Collections/' took 0.01s
[2018.10.17-11.59.53:798][  0]LogCollectionManager: Rebuilt the GUID cache for 0 collections in 0.000000 seconds
[2018.10.17-11.59.53:809][  0]LogContentBrowser: Native class hierarchy populated in 0.0108 seconds. Added 2621 classes and 629 folders.
[2018.10.17-11.59.53:815][  0]LogContentBrowser: Native class hierarchy updated for 'WidgetCarousel' in 0.0003 seconds. Added 0 classes and 0 folders.
[2018.10.17-11.59.53:865][  0]LogContentBrowser: Native class hierarchy updated for 'AddContentDialog' in 0.0003 seconds. Added 0 classes and 0 folders.
[2018.10.17-11.59.53:869][  0]LogContentBrowser: Native class hierarchy updated for 'SceneOutliner' in 0.0004 seconds. Added 1 classes and 2 folders.
[2018.10.17-11.59.53:926][  0]LogSlate: Took 0.000199 seconds to synchronously load lazily loaded font '../../../Engine/Content/Slate/Fonts/Roboto-Regular.ttf' (155K)
[2018.10.17-11.59.53:927][  0]LogSlate: Took 0.000198 seconds to synchronously load lazily loaded font '../../../Engine/Content/Slate/Fonts/Roboto-Bold.ttf' (160K)
[2018.10.17-11.59.53:932][  0]LogSlate: Took 0.000182 seconds to synchronously load lazily loaded font '../../../Engine/Content/Editor/Slate/Fonts/FontAwesome.ttf' (139K)
[2018.10.17-11.59.54:009][  0]LogRenderer: Reallocating scene render targets to support 1144x536 Format 10 NumSamples 1 (Frame:1).
[2018.10.17-11.59.54:147][  0]LogContentBrowser: Native class hierarchy updated for 'HierarchicalLODOutliner' in 0.0003 seconds. Added 0 classes and 0 folders.
[2018.10.17-11.59.54:147][  0]LogLoad: (Engine Initialization) Total time: 10.07 seconds
[2018.10.17-11.59.54:147][  0]LogLoad: (Engine Initialization) Total Blueprint compile time: 0.00 seconds
[2018.10.17-11.59.54:157][  0]LogWindowsTextInputMethodSystem: Display: IME system now deactivated.
[2018.10.17-11.59.54:181][  0]LogContentStreaming: Texture pool size now 3000 MB
[2018.10.17-11.59.54:318][  0]LogSlate: Took 0.000162 seconds to synchronously load lazily loaded font '../../../Engine/Content/Slate/Fonts/Roboto-Light.ttf' (167K)
[2018.10.17-11.59.54:330][  1]LogAssetRegistry: Asset discovery search completed in 6.8228 seconds
[2018.10.17-11.59.54:332][  1]LogCollectionManager: Rebuilt the object cache for 0 collections in 0.000000 seconds (found 0 objects)
[2018.10.17-11.59.54:332][  1]LogCollectionManager: Fixed up redirectors for 0 collections in 0.000041 seconds (updated 0 objects)
[2018.10.17-11.59.55:829][177]LogSlate: FSceneViewport::OnFocusLost() reason 0
[2018.10.17-12.00.00:909][681]LogSlate: Only BGRA pngs, bmps or icos are supported in by External Image Picker
[2018.10.17-12.00.00:969][682]LogTemp: Executing iPhonePackager certificates Engine -bundlename com.YourCompany.GridGenerator
[2018.10.17-12.00.00:969][682]LogTemp: CWD: C:\Program Files\Epic Games\UE_4.20\Engine\Binaries\DotNET\IOS
[2018.10.17-12.00.00:969][682]LogTemp: Initial Dir: C:\Program Files\Epic Games\UE_4.20
[2018.10.17-12.00.00:969][682]LogTemp: Env CWD: C:\Program Files\Epic Games\UE_4.20\Engine\Binaries\DotNET\IOS
[2018.10.17-12.00.00:969][682]LogTemp: BranchPath = ROHIT-PC/C/Program Files/Epic Games/UE_4.20/Engine/Binaries --- GameBranchPath = ROHIT-PC/C/Program Files/Epic Games/UE_4.20/Engine/Binaries
[2018.10.17-12.00.00:972][682]LogTemp: IPP ERROR: Could not find provision directory 'C:\Users\Rohit\AppData\Local/Apple Computer/MobileDevice/Provisioning Profiles/'.
[2018.10.17-12.00.03:094][916]LogSlate: Took 0.000207 seconds to synchronously load lazily loaded font '../../../Engine/Content/Slate/Fonts/Roboto-Light.ttf' (167K)
[2018.10.17-12.00.11:103][830]LogAIModule: Creating AISystem for world Map_TechDemo
[2018.10.17-12.00.11:113][830]LogAssetEditorManager: Opening Asset editor for World /Game/GridGenerator/Maps/Map_TechDemo.Map_TechDemo
[2018.10.17-12.00.11:139][830]Cmd: MAP LOAD FILE="F:/GitHubProjects/UnrealEngine--GridGenerator/Content/GridGenerator/Maps/Map_TechDemo.umap" TEMPLATE=0 SHOWPROGRESS=1 FEATURELEVEL=3
[2018.10.17-12.00.11:139][830]LightingResults: New page: Lighting Build
[2018.10.17-12.00.11:142][830]LogContentBrowser: Native class hierarchy updated for 'StatsViewer' in 0.0003 seconds. Added 5 classes and 0 folders.
[2018.10.17-12.00.11:143][830]LoadErrors: New page: Loading map: Map_TechDemo.umap
[2018.10.17-12.00.11:143][830]MapCheck: New page: Map Check
[2018.10.17-12.00.11:143][830]LightingResults: New page: Lighting Build
[2018.10.17-12.00.11:226][830]LogEditorServer: Finished looking for orphan Actors (0.000 secs)
[2018.10.17-12.00.11:264][830]Cmd: MAP CHECKDEP NOCLEARLOG
[2018.10.17-12.00.11:332][830]MapCheck: Map check complete: 0 Error(s), 0 Warning(s), took 68.163ms to complete.
[2018.10.17-12.00.11:333][830]LogFileHelpers: Loading map 'Map_TechDemo' took 0.195
[2018.10.17-12.00.13:194][ 31]LogSlate: Window 'GridGenerator - Unreal Editor' being destroyed
[2018.10.17-12.00.13:195][ 31]LogWindowsTextInputMethodSystem: Display: IME system now deactivated.
[2018.10.17-12.00.13:361][ 32]Cmd: QUIT_EDITOR
[2018.10.17-12.00.13:386][ 32]LogExit: Preparing to exit.
[2018.10.17-12.00.14:489][ 32]LogExit: Editor shut down
[2018.10.17-12.00.14:490][ 32]LogExit: Transaction tracking system shut down
[2018.10.17-12.00.14:977][ 32]LogExit: Object subsystem successfully closed.
[2018.10.17-12.00.14:993][ 32]LogShaderCompilers: Display: Shaders left to compile 0
[2018.10.17-12.00.14:997][ 32]LogD3D11RHI: Shutdown
[2018.10.17-12.00.14:997][ 32]LogD3D11RHI: CleanupD3DDevice
[2018.10.17-12.00.14:998][ 32]LogD3D11RHI: ~FD3D11DynamicRHI
[2018.10.17-12.00.15:035][ 32]LogModuleManager: Shutting down and abandoning module StatsViewer (630)
[2018.10.17-12.00.15:035][ 32]LogModuleManager: Shutting down and abandoning module ExternalImagePicker (628)
[2018.10.17-12.00.15:035][ 32]LogModuleManager: Shutting down and abandoning module HierarchicalLODOutliner (626)
[2018.10.17-12.00.15:035][ 32]LogModuleManager: Shutting down and abandoning module SceneOutliner (624)
[2018.10.17-12.00.15:035][ 32]LogModuleManager: Shutting down and abandoning module AddContentDialog (622)
[2018.10.17-12.00.15:035][ 32]LogModuleManager: Shutting down and abandoning module WidgetCarousel (621)
[2018.10.17-12.00.15:035][ 32]LogModuleManager: Shutting down and abandoning module EditorWidgets (618)
[2018.10.17-12.00.15:035][ 32]LogModuleManager: Shutting down and abandoning module CollectionManager (616)
[2018.10.17-12.00.15:036][ 32]LogModuleManager: Shutting down and abandoning module FoliageEdit (614)
[2018.10.17-12.00.15:036][ 32]LogModuleManager: Shutting down and abandoning module LandscapeEditor (612)
[2018.10.17-12.00.15:036][ 32]LogModuleManager: Shutting down and abandoning module MeshPaintMode (610)
[2018.10.17-12.00.15:036][ 32]LogModuleManager: Shutting down and abandoning module SceneDepthPickerMode (608)
[2018.10.17-12.00.15:036][ 32]LogModuleManager: Shutting down and abandoning module ActorPickerMode (606)
[2018.10.17-12.00.15:036][ 32]LogModuleManager: Shutting down and abandoning module GeometryMode (604)
[2018.10.17-12.00.15:036][ 32]LogModuleManager: Shutting down and abandoning module TextureAlignMode (602)
[2018.10.17-12.00.15:036][ 32]LogModuleManager: Shutting down and abandoning module BspMode (600)
[2018.10.17-12.00.15:036][ 32]LogModuleManager: Shutting down and abandoning module PIEPreviewDeviceProfileSelector (598)
[2018.10.17-12.00.15:036][ 32]LogModuleManager: Shutting down and abandoning module SequenceRecorderSections (596)
[2018.10.17-12.00.15:036][ 32]LogModuleManager: Shutting down and abandoning module AutomationWorker (594)
[2018.10.17-12.00.15:036][ 32]LogModuleManager: Shutting down and abandoning module DatasmithFBXImporter (592)
[2018.10.17-12.00.15:036][ 32]LogModuleManager: Shutting down and abandoning module DatasmithDeltaGenImporter (590)
[2018.10.17-12.00.15:036][ 32]LogModuleManager: Shutting down and abandoning module DatasmithVREDImporter (588)
[2018.10.17-12.00.15:036][ 32]LogModuleManager: Shutting down and abandoning module AudioCaptureEditor (586)
[2018.10.17-12.00.15:036][ 32]LogModuleManager: Shutting down and abandoning module SequenceRecorder (585)
[2018.10.17-12.00.15:036][ 32]LogModuleManager: Shutting down and abandoning module MatineeToLevelSequence (582)
[2018.10.17-12.00.15:036][ 32]LogModuleManager: Shutting down and abandoning module LevelSequenceEditor (580)
[2018.10.17-12.00.15:036][ 32]LogModuleManager: Shutting down and abandoning module PlacementMode (579)
[2018.10.17-12.00.15:036][ 32]LogModuleManager: Shutting down and abandoning module MaterialEditor (578)
[2018.10.17-12.00.15:036][ 32]LogModuleManager: Shutting down and abandoning module WmfMediaFactory (574)
[2018.10.17-12.00.15:036][ 32]LogModuleManager: Shutting down and abandoning module WmfMediaEditor (572)
[2018.10.17-12.00.15:036][ 32]LogModuleManager: Shutting down and abandoning module MediaPlayerEditor (570)
[2018.10.17-12.00.15:036][ 32]LogModuleManager: Shutting down and abandoning module OpenExrWrapper (568)
[2018.10.17-12.00.15:036][ 32]LogModuleManager: Shutting down and abandoning module ImgMediaFactory (566)
[2018.10.17-12.00.15:036][ 32]LogModuleManager: Shutting down and abandoning module ImgMediaEditor (564)
[2018.10.17-12.00.15:036][ 32]LogModuleManager: Shutting down and abandoning module AvfMediaFactory (562)
[2018.10.17-12.00.15:036][ 32]LogModuleManager: Shutting down and abandoning module AvfMediaEditor (560)
[2018.10.17-12.00.15:036][ 32]LogModuleManager: Shutting down and abandoning module AndroidMediaFactory (558)
[2018.10.17-12.00.15:036][ 32]LogModuleManager: Shutting down and abandoning module AndroidMediaEditor (556)
[2018.10.17-12.00.15:036][ 32]LogModuleManager: Shutting down and abandoning module MagicLeapCameraPreviewFactory (554)
[2018.10.17-12.00.15:036][ 32]LogModuleManager: Shutting down and abandoning module MagicLeapMediaFactory (552)
[2018.10.17-12.00.15:036][ 32]LogModuleManager: Shutting down and abandoning module MagicLeapMediaEditor (550)
[2018.10.17-12.00.15:037][ 32]LogModuleManager: Shutting down and abandoning module CharacterAI (548)
[2018.10.17-12.00.15:037][ 32]LogModuleManager: Shutting down and abandoning module SmartSnapping (546)
[2018.10.17-12.00.15:037][ 32]LogModuleManager: Shutting down and abandoning module SessionServices (544)
[2018.10.17-12.00.15:037][ 32]LogModuleManager: Shutting down and abandoning module ViewportSnapping (542)
[2018.10.17-12.00.15:037][ 32]LogModuleManager: Shutting down and abandoning module ViewportInteraction (540)
[2018.10.17-12.00.15:037][ 32]LogModuleManager: Shutting down and abandoning module ClothPainter (538)
[2018.10.17-12.00.15:037][ 32]LogModuleManager: Shutting down and abandoning module SkeletalMeshEditor (537)
[2018.10.17-12.00.15:037][ 32]LogModuleManager: Shutting down and abandoning module LogVisualizer (534)
[2018.10.17-12.00.15:037][ 32]LogModuleManager: Shutting down and abandoning module IntroTutorials (532)
[2018.10.17-12.00.15:037][ 32]LogModuleManager: Shutting down and abandoning module GameProjectGeneration (531)
[2018.10.17-12.00.15:037][ 32]LogModuleManager: Shutting down and abandoning module LuminPlatformEditor (528)
[2018.10.17-12.00.15:037][ 32]LogModuleManager: Shutting down and abandoning module IOSPlatformEditor (526)
[2018.10.17-12.00.15:037][ 32]LogModuleManager: Shutting down and abandoning module HTML5PlatformEditor (524)
[2018.10.17-12.00.15:037][ 32]LogModuleManager: Shutting down and abandoning module AndroidPlatformEditor (522)
[2018.10.17-12.00.15:037][ 32]LogModuleManager: Shutting down and abandoning module AndroidDeviceDetection (521)
[2018.10.17-12.00.16:118][ 32]LogModuleManager: Shutting down and abandoning module WindowsPlatformEditor (518)
[2018.10.17-12.00.16:118][ 32]LogModuleManager: Shutting down and abandoning module LuminRuntimeSettings (516)
[2018.10.17-12.00.16:118][ 32]LogModuleManager: Shutting down and abandoning module IOSRuntimeSettings (514)
[2018.10.17-12.00.16:118][ 32]LogModuleManager: Shutting down and abandoning module AndroidRuntimeSettings (512)
[2018.10.17-12.00.16:118][ 32]LogModuleManager: Shutting down and abandoning module InputBindingEditor (510)
[2018.10.17-12.00.16:118][ 32]LogModuleManager: Shutting down and abandoning module MergeActors (508)
[2018.10.17-12.00.16:118][ 32]LogModuleManager: Shutting down and abandoning module LocalizationDashboard (506)
[2018.10.17-12.00.16:118][ 32]LogModuleManager: Shutting down and abandoning module LocalizationService (505)
[2018.10.17-12.00.16:118][ 32]LogModuleManager: Shutting down and abandoning module HardwareTargeting (502)
[2018.10.17-12.00.16:118][ 32]LogModuleManager: Shutting down and abandoning module DeviceProfileEditor (500)
[2018.10.17-12.00.16:118][ 32]LogModuleManager: Shutting down and abandoning module UndoHistory (498)
[2018.10.17-12.00.16:118][ 32]LogModuleManager: Shutting down and abandoning module XmlParser (496)
[2018.10.17-12.00.16:118][ 32]LogModuleManager: Shutting down and abandoning module Blutility (494)
[2018.10.17-12.00.16:118][ 32]LogModuleManager: Shutting down and abandoning module ProjectSettingsViewer (492)
[2018.10.17-12.00.16:119][ 32]LogModuleManager: Shutting down and abandoning module ProjectTargetPlatformEditor (491)
[2018.10.17-12.00.16:119][ 32]LogModuleManager: Shutting down and abandoning module EditorSettingsViewer (488)
[2018.10.17-12.00.16:119][ 32]LogModuleManager: Shutting down and abandoning module SettingsEditor (486)
[2018.10.17-12.00.16:119][ 32]LogModuleManager: Shutting down and abandoning module ProjectLauncher (484)
[2018.10.17-12.00.16:119][ 32]LogModuleManager: Shutting down and abandoning module SessionFrontend (482)
[2018.10.17-12.00.16:119][ 32]LogModuleManager: Shutting down and abandoning module ProfilerClient (480)
[2018.10.17-12.00.16:119][ 32]LogModuleManager: Shutting down and abandoning module DeviceManager (478)
[2018.10.17-12.00.16:119][ 32]LogModuleManager: Shutting down and abandoning module TargetDeviceServices (477)
[2018.10.17-12.00.16:178][ 32]LogModuleManager: Shutting down and abandoning module AutomationController (474)
[2018.10.17-12.00.16:178][ 32]LogModuleManager: Shutting down and abandoning module AutomationWindow (472)
[2018.10.17-12.00.16:178][ 32]LogModuleManager: Shutting down and abandoning module Layers (470)
[2018.10.17-12.00.16:178][ 32]LogModuleManager: Shutting down and abandoning module ComponentVisualizers (468)
[2018.10.17-12.00.16:178][ 32]LogModuleManager: Shutting down and abandoning module DetailCustomizations (466)
[2018.10.17-12.00.16:182][ 32]LogModuleManager: Shutting down and abandoning module PackagesDialog (464)
[2018.10.17-12.00.16:182][ 32]LogModuleManager: Shutting down and abandoning module Persona (462)
[2018.10.17-12.00.16:182][ 32]LogModuleManager: Shutting down and abandoning module AnimGraph (461)
[2018.10.17-12.00.16:182][ 32]LogModuleManager: Shutting down and abandoning module Kismet (458)
[2018.10.17-12.00.16:183][ 32]LogModuleManager: Shutting down and abandoning module GraphEditor (456)
[2018.10.17-12.00.16:183][ 32]LogModuleManager: Shutting down and abandoning module ClassViewer (454)
[2018.10.17-12.00.16:183][ 32]LogModuleManager: Shutting down and abandoning module Toolbox (452)
[2018.10.17-12.00.16:183][ 32]LogModuleManager: Shutting down and abandoning module ModuleUI (450)
[2018.10.17-12.00.16:183][ 32]LogModuleManager: Shutting down and abandoning module MovieSceneTools (448)
[2018.10.17-12.00.16:183][ 32]LogModuleManager: Shutting down and abandoning module OutputLog (446)
[2018.10.17-12.00.16:183][ 32]LogModuleManager: Shutting down and abandoning module GammaUI (444)
[2018.10.17-12.00.16:183][ 32]LogModuleManager: Shutting down and abandoning module Documentation (442)
[2018.10.17-12.00.16:183][ 32]LogModuleManager: Shutting down and abandoning module MovieSceneTracks (440)
[2018.10.17-12.00.16:183][ 32]LogModuleManager: Shutting down and abandoning module MovieScene (438)
[2018.10.17-12.00.16:183][ 32]LogModuleManager: Shutting down and abandoning module StreamingPauseRendering (436)
[2018.10.17-12.00.16:183][ 32]LogModuleManager: Shutting down and abandoning module LauncherPlatform (434)
[2018.10.17-12.00.16:183][ 32]LogModuleManager: Shutting down and abandoning module AnalyticsET (432)
[2018.10.17-12.00.16:183][ 32]LogModuleManager: Shutting down and abandoning module PortalServices (430)
[2018.10.17-12.00.16:183][ 32]LogModuleManager: Shutting down and abandoning module PortalRpc (428)
[2018.10.17-12.00.16:183][ 32]LogModuleManager: Shutting down and abandoning module MessagingRpc (426)
[2018.10.17-12.00.16:183][ 32]LogModuleManager: Shutting down and abandoning module AIModule (424)
[2018.10.17-12.00.16:183][ 32]LogModuleManager: Shutting down and abandoning module GameplayDebugger (423)
[2018.10.17-12.00.16:183][ 32]LogModuleManager: Shutting down and abandoning module AITestSuite (421)
[2018.10.17-12.00.16:183][ 32]LogModuleManager: Shutting down and abandoning module NavigationSystem (419)
[2018.10.17-12.00.16:183][ 32]LogModuleManager: Shutting down and abandoning module DesktopPlatform (416)
[2018.10.17-12.00.16:183][ 32]LogModuleManager: Shutting down and abandoning module ProfilerService (414)
[2018.10.17-12.00.16:357][ 32]LogModuleManager: Shutting down and abandoning module TaskGraph (412)
[2018.10.17-12.00.16:357][ 32]LogModuleManager: Shutting down and abandoning module DatasmithCADImporter (410)
[2018.10.17-12.00.16:360][ 32]LogModuleManager: Shutting down and abandoning module StaticMeshEditorExtension (408)
[2018.10.17-12.00.16:360][ 32]LogModuleManager: Shutting down and abandoning module StaticMeshEditor (407)
[2018.10.17-12.00.16:360][ 32]LogModuleManager: Shutting down and abandoning module AdvancedPreviewScene (406)
[2018.10.17-12.00.16:360][ 32]LogModuleManager: Shutting down and abandoning module DatasmithMDLImporter (402)
[2018.10.17-12.00.16:362][ 32]LogModuleManager: Shutting down and abandoning module DatasmithImporter (400)
[2018.10.17-12.00.16:363][ 32]LogModuleManager: Shutting down and abandoning module SteamVRController (398)
[2018.10.17-12.00.16:363][ 32]LogModuleManager: Shutting down and abandoning module ProceduralMeshComponentEditor (396)
[2018.10.17-12.00.16:363][ 32]LogModuleManager: Shutting down and abandoning module ProceduralMeshComponent (394)
[2018.10.17-12.00.16:363][ 32]LogModuleManager: Shutting down and abandoning module OculusInput (392)
[2018.10.17-12.00.16:363][ 32]LogModuleManager: Shutting down and abandoning module MobilePatchingUtils (390)
[2018.10.17-12.00.16:500][ 32]LogModuleManager: Shutting down and abandoning module EditableMesh (388)
[2018.10.17-12.00.16:500][ 32]LogModuleManager: Shutting down and abandoning module CustomMeshComponent (386)
[2018.10.17-12.00.16:500][ 32]LogModuleManager: Shutting down and abandoning module CableComponent (384)
[2018.10.17-12.00.16:500][ 32]LogModuleManager: Shutting down and abandoning module AudioCapture (382)
[2018.10.17-12.00.16:500][ 32]LogModuleManager: Shutting down and abandoning module ArchVisCharacter (380)
[2018.10.17-12.00.16:500][ 32]LogModuleManager: Shutting down and abandoning module AndroidPermission (378)
[2018.10.17-12.00.16:500][ 32]LogModuleManager: Shutting down and abandoning module NUTUnrealEngine4 (376)
[2018.10.17-12.00.16:500][ 32]LogModuleManager: Shutting down and abandoning module NetcodeUnitTest (374)
[2018.10.17-12.00.16:500][ 32]LogModuleManager: Shutting down and abandoning module MediaCompositingEditor (372)
[2018.10.17-12.00.16:500][ 32]LogModuleManager: Shutting down and abandoning module MediaCompositing (370)
[2018.10.17-12.00.16:500][ 32]LogModuleManager: Shutting down and abandoning module LinearTimecode (368)
[2018.10.17-12.00.16:501][ 32]LogModuleManager: Shutting down and abandoning module ImgMedia (366)
[2018.10.17-12.00.16:504][ 32]LogModuleManager: Shutting down and abandoning module HTML5Networking (364)
[2018.10.17-12.00.16:504][ 32]LogModuleManager: Shutting down and abandoning module GeometryCacheTracks (362)
[2018.10.17-12.00.16:504][ 32]LogModuleManager: Shutting down and abandoning module GeometryCacheSequencer (360)
[2018.10.17-12.00.16:504][ 32]LogModuleManager: Shutting down and abandoning module BackChannel (358)
[2018.10.17-12.00.16:504][ 32]LogModuleManager: Shutting down and abandoning module AppleVision (356)
[2018.10.17-12.00.16:504][ 32]LogModuleManager: Shutting down and abandoning module AppleImageUtils (354)
[2018.10.17-12.00.16:504][ 32]LogModuleManager: Shutting down and abandoning module AlembicImporter (352)
[2018.10.17-12.00.16:504][ 32]LogModuleManager: Shutting down and abandoning module AlembicLibrary (351)
[2018.10.17-12.00.16:504][ 32]LogModuleManager: Shutting down and abandoning module GeometryCache (350)
[2018.10.17-12.00.16:504][ 32]LogModuleManager: Shutting down and abandoning module GeometryCacheEd (349)
[2018.10.17-12.00.16:504][ 32]LogModuleManager: Shutting down and abandoning module DatasmithContentEditor (344)
[2018.10.17-12.00.16:504][ 32]LogModuleManager: Shutting down and abandoning module DatasmithContent (342)
[2018.10.17-12.00.16:505][ 32]LogModuleManager: Shutting down and abandoning module SpeedTreeImporter (340)
[2018.10.17-12.00.16:505][ 32]LogModuleManager: Shutting down and abandoning module PluginBrowser (338)
[2018.10.17-12.00.16:505][ 32]LogModuleManager: Shutting down and abandoning module MobileLauncherProfileWizard (336)
[2018.10.17-12.00.16:505][ 32]LogModuleManager: Shutting down and abandoning module PolygonModeling (334)
[2018.10.17-12.00.16:505][ 32]LogModuleManager: Shutting down and abandoning module MeshEditor (332)
[2018.10.17-12.00.16:505][ 32]LogModuleManager: Shutting down and abandoning module EditorScriptingUtilities (330)
[2018.10.17-12.00.16:505][ 32]LogModuleManager: Shutting down and abandoning module CryptoKeysOpenSSL (328)
[2018.10.17-12.00.16:505][ 32]LogModuleManager: Shutting down and abandoning module CryptoKeys (326)
[2018.10.17-12.00.16:505][ 32]LogModuleManager: Shutting down and abandoning module VisualStudioSourceCodeAccess (324)
[2018.10.17-12.00.16:505][ 32]LogModuleManager: Shutting down and abandoning module VisualStudioCodeSourceCodeAccess (322)
[2018.10.17-12.00.16:505][ 32]LogModuleManager: Shutting down and abandoning module UObjectPlugin (320)
[2018.10.17-12.00.16:505][ 32]LogModuleManager: Shutting down and abandoning module SubversionSourceControl (318)
[2018.10.17-12.00.16:505][ 32]LogModuleManager: Shutting down and abandoning module PerforceSourceControl (316)
[2018.10.17-12.00.16:505][ 32]LogModuleManager: Shutting down and abandoning module GitSourceControl (314)
[2018.10.17-12.00.16:505][ 32]LogModuleManager: Shutting down and abandoning module SourceControl (313)
[2018.10.17-12.00.16:505][ 32]LogModuleManager: Shutting down and abandoning module CLionSourceCodeAccess (310)
[2018.10.17-12.00.16:505][ 32]LogModuleManager: Shutting down and abandoning module LightPropagationVolumeEditor (308)
[2018.10.17-12.00.16:505][ 32]LogModuleManager: Shutting down and abandoning module PaperTiledImporter (306)
[2018.10.17-12.00.16:505][ 32]LogModuleManager: Shutting down and abandoning module PaperSpriteSheetImporter (304)
[2018.10.17-12.00.16:505][ 32]LogModuleManager: Shutting down and abandoning module Paper2DEditor (302)
[2018.10.17-12.00.16:512][ 32]LogModuleManager: Shutting down and abandoning module MeshPaint (301)
[2018.10.17-12.00.16:512][ 32]LogModuleManager: Shutting down and abandoning module RuntimePhysXCooking (298)
[2018.10.17-12.00.16:512][ 32]LogModuleManager: Shutting down and abandoning module PhysXVehiclesEditor (296)
[2018.10.17-12.00.16:512][ 32]LogModuleManager: Shutting down and abandoning module PhysXVehicles (294)
[2018.10.17-12.00.16:512][ 32]LogModuleManager: Shutting down and abandoning module OculusEditor (292)
[2018.10.17-12.00.16:512][ 32]LogModuleManager: Shutting down and abandoning module LocationServicesBPLibrary (290)
[2018.10.17-12.00.16:512][ 32]LogModuleManager: Shutting down and abandoning module ImmediatePhysicsEditor (288)
[2018.10.17-12.00.16:512][ 32]LogModuleManager: Shutting down and abandoning module ImmediatePhysics (286)
[2018.10.17-12.00.16:512][ 32]LogModuleManager: Shutting down and abandoning module ActorSequence (284)
[2018.10.17-12.00.16:512][ 32]LogModuleManager: Shutting down and abandoning module UdpMessaging (282)
[2018.10.17-12.00.16:613][ 32]LogModuleManager: Shutting down and abandoning module TcpMessaging (280)
[2018.10.17-12.00.16:714][ 32]LogModuleManager: Shutting down and abandoning module MagicLeapAudio (278)
[2018.10.17-12.00.16:714][ 32]LogModuleManager: Shutting down and abandoning module GameplayTagsEditor (276)
[2018.10.17-12.00.16:714][ 32]LogModuleManager: Shutting down and abandoning module FacialAnimationEditor (274)
[2018.10.17-12.00.16:714][ 32]LogModuleManager: Shutting down and abandoning module FacialAnimation (272)
[2018.10.17-12.00.16:714][ 32]LogModuleManager: Shutting down and abandoning module DataValidation (270)
[2018.10.17-12.00.16:714][ 32]LogModuleManager: Shutting down and abandoning module AssetManagerEditor (268)
[2018.10.17-12.00.16:714][ 32]LogModuleManager: Shutting down and abandoning module LevelEditor (267)
[2018.10.17-12.00.16:715][ 32]LogModuleManager: Shutting down and abandoning module PixelInspectorModule (266)
[2018.10.17-12.00.16:715][ 32]LogModuleManager: Shutting down and abandoning module CommonMenuExtensions (264)
[2018.10.17-12.00.16:716][ 32]LogModuleManager: Shutting down and abandoning module MainFrame (262)
[2018.10.17-12.00.16:716][ 32]LogModuleManager: Shutting down and abandoning module HotReload (261)
[2018.10.17-12.00.16:716][ 32]LogModuleManager: Shutting down and abandoning module ContentBrowser (257)
[2018.10.17-12.00.16:717][ 32]LogModuleManager: Shutting down and abandoning module TreeMap (255)
[2018.10.17-12.00.16:717][ 32]LogModuleManager: Shutting down and abandoning module LightPropagationVolumeRuntime (252)
[2018.10.17-12.00.16:717][ 32]LogModuleManager: Shutting down and abandoning module AISupportModule (250)
[2018.10.17-12.00.16:717][ 32]LogModuleManager: Shutting down and abandoning module Paper2D (248)
[2018.10.17-12.00.16:717][ 32]LogModuleManager: Shutting down and abandoning module WindowsMoviePlayer (246)
[2018.10.17-12.00.16:717][ 32]LogModuleManager: Shutting down and abandoning module WmfMedia (244)
[2018.10.17-12.00.16:719][ 32]LogModuleManager: Shutting down and abandoning module Media (243)
[2018.10.17-12.00.16:731][ 32]LogModuleManager: Shutting down and abandoning module PacketHandler (240)
[2018.10.17-12.00.16:731][ 32]LogModuleManager: Shutting down and abandoning module ClothingSystemEditor (238)
[2018.10.17-12.00.16:731][ 32]LogModuleManager: Shutting down and abandoning module ClothingSystemRuntime (236)
[2018.10.17-12.00.16:731][ 32]LogModuleManager: Shutting down and abandoning module MediaAssets (234)
[2018.10.17-12.00.16:731][ 32]LogModuleManager: Shutting down and abandoning module Overlay (232)
[2018.10.17-12.00.16:731][ 32]LogModuleManager: Shutting down and abandoning module OverlayEditor (231)
[2018.10.17-12.00.16:731][ 32]LogModuleManager: Shutting down and abandoning module VREditor (228)
[2018.10.17-12.00.16:731][ 32]LogModuleManager: Shutting down and abandoning module StringTableEditor (226)
[2018.10.17-12.00.16:731][ 32]LogModuleManager: Shutting down and abandoning module GameplayTasksEditor (224)
[2018.10.17-12.00.16:731][ 32]LogModuleManager: Shutting down and abandoning module BehaviorTreeEditor (222)
[2018.10.17-12.00.16:731][ 32]LogModuleManager: Shutting down and abandoning module FunctionalTesting (220)
[2018.10.17-12.00.16:731][ 32]LogModuleManager: Shutting down and abandoning module CollisionAnalyzer (218)
[2018.10.17-12.00.16:731][ 32]LogModuleManager: Shutting down and abandoning module WorkspaceMenuStructure (217)
[2018.10.17-12.00.16:731][ 32]LogModuleManager: Shutting down and abandoning module UMG (214)
[2018.10.17-12.00.16:731][ 32]LogModuleManager: Shutting down and abandoning module UMGEditor (213)
[2018.10.17-12.00.16:731][ 32]LogModuleManager: Shutting down and abandoning module Sequencer (212)
[2018.10.17-12.00.16:731][ 32]LogModuleManager: Shutting down and abandoning module MessageLog (209)
[2018.10.17-12.00.16:731][ 32]LogModuleManager: Shutting down and abandoning module SlateReflector (204)
[2018.10.17-12.00.16:731][ 32]LogModuleManager: Shutting down and abandoning module Slate (202)
[2018.10.17-12.00.16:731][ 32]LogModuleManager: Shutting down and abandoning module EditorStyle (200)
[2018.10.17-12.00.16:733][ 32]LogModuleManager: Shutting down and abandoning module MRMesh (198)
[2018.10.17-12.00.16:733][ 32]LogModuleManager: Shutting down and abandoning module SourceCodeAccess (196)
[2018.10.17-12.00.16:733][ 32]LogModuleManager: Shutting down and abandoning module HeadMountedDisplay (194)
[2018.10.17-12.00.16:733][ 32]LogModuleManager: Shutting down and abandoning module XAudio2 (192)
[2018.10.17-12.00.16:733][ 32]LogModuleManager: Shutting down and abandoning module Networking (190)
[2018.10.17-12.00.16:733][ 32]LogModuleManager: Shutting down and abandoning module Core (188)
[2018.10.17-12.00.16:733][ 32]LogModuleManager: Shutting down and abandoning module LevelSequence (186)
[2018.10.17-12.00.16:733][ 32]LogModuleManager: Shutting down and abandoning module KismetCompiler (184)
[2018.10.17-12.00.16:733][ 32]LogModuleManager: Shutting down and abandoning module MeshUtilities (182)
[2018.10.17-12.00.16:733][ 32]LogModuleManager: Shutting down and abandoning module MeshMergeUtilities (181)
[2018.10.17-12.00.16:733][ 32]LogModuleManager: Shutting down and abandoning module MeshReductionInterface (180)
[2018.10.17-12.00.16:733][ 32]LogModuleManager: Shutting down and abandoning module SimplygonSwarm (179)
[2018.10.17-12.00.16:733][ 32]LogModuleManager: Shutting down and abandoning module ProxyLODMeshReduction (177)
[2018.10.17-12.00.16:733][ 32]LogModuleManager: Shutting down and abandoning module SimplygonMeshReduction (175)
[2018.10.17-12.00.16:733][ 32]LogModuleManager: Shutting down and abandoning module QuadricMeshReduction (173)
[2018.10.17-12.00.16:733][ 32]LogModuleManager: Shutting down and abandoning module MaterialBaking (169)
[2018.10.17-12.00.16:734][ 32]LogModuleManager: Shutting down and abandoning module DirectoryWatcher (165)
[2018.10.17-12.00.16:734][ 32]LogModuleManager: Shutting down and abandoning module DerivedDataCache (162)
[2018.10.17-12.00.17:007][ 32]LogDerivedDataCache: Shutdown
[2018.10.17-12.00.17:007][ 32]LogModuleManager: Shutting down and abandoning module XGEController (160)
[2018.10.17-12.00.17:007][ 32]LogXGEController: Cleaning working directory: C:/Users/Rohit/AppData/Local/Temp/UnrealXGEWorkingDir/
[2018.10.17-12.00.17:007][ 32]LogModuleManager: Shutting down and abandoning module TargetPlatform (158)
[2018.10.17-12.00.17:007][ 32]LogModuleManager: Shutting down and abandoning module VulkanShaderFormat (157)
[2018.10.17-12.00.17:007][ 32]LogModuleManager: Shutting down and abandoning module ShaderFormatVectorVM (155)
[2018.10.17-12.00.17:007][ 32]LogModuleManager: Shutting down and abandoning module ShaderFormatOpenGL (153)
[2018.10.17-12.00.17:007][ 32]LogModuleManager: Shutting down and abandoning module ShaderFormatD3D (151)
[2018.10.17-12.00.17:007][ 32]LogModuleManager: Shutting down and abandoning module MetalShaderFormat (149)
[2018.10.17-12.00.17:007][ 32]LogModuleManager: Shutting down and abandoning module TextureFormatUncompressed (147)
[2018.10.17-12.00.17:007][ 32]LogModuleManager: Shutting down and abandoning module TextureFormatPVR (145)
[2018.10.17-12.00.17:007][ 32]LogModuleManager: Shutting down and abandoning module TextureFormatDXT (143)
[2018.10.17-12.00.17:007][ 32]LogModuleManager: Shutting down and abandoning module TextureFormatIntelISPCTexComp (141)
[2018.10.17-12.00.17:007][ 32]LogModuleManager: Shutting down and abandoning module TextureFormatASTC (139)
[2018.10.17-12.00.17:007][ 32]LogModuleManager: Shutting down and abandoning module ImageWrapper (138)
[2018.10.17-12.00.17:007][ 32]LogModuleManager: Shutting down and abandoning module TextureFormatAndroid (135)
[2018.10.17-12.00.17:007][ 32]LogModuleManager: Shutting down and abandoning module AudioFormatOpus (133)
[2018.10.17-12.00.17:007][ 32]LogModuleManager: Shutting down and abandoning module AudioFormatOgg (131)
[2018.10.17-12.00.17:007][ 32]LogModuleManager: Shutting down and abandoning module AudioFormatADPCM (129)
[2018.10.17-12.00.17:007][ 32]LogModuleManager: Shutting down and abandoning module LuminTargetPlatform (127)
[2018.10.17-12.00.17:007][ 32]LogModuleManager: Shutting down and abandoning module LinuxTargetPlatform (125)
[2018.10.17-12.00.17:008][ 32]LogModuleManager: Shutting down and abandoning module LinuxServerTargetPlatform (123)
[2018.10.17-12.00.17:008][ 32]LogModuleManager: Shutting down and abandoning module LinuxNoEditorTargetPlatform (121)
[2018.10.17-12.00.17:008][ 32]LogModuleManager: Shutting down and abandoning module LinuxClientTargetPlatform (119)
[2018.10.17-12.00.17:008][ 32]LogModuleManager: Shutting down and abandoning module TVOSTargetPlatform (117)
[2018.10.17-12.00.17:008][ 32]LogModuleManager: Shutting down and abandoning module Messaging (115)
[2018.10.17-12.00.17:008][ 32]LogModuleManager: Shutting down and abandoning module IOSTargetPlatform (113)
[2018.10.17-12.00.17:009][ 32]LogModuleManager: Shutting down and abandoning module HTML5TargetPlatform (111)
[2018.10.17-12.00.17:009][ 32]LogModuleManager: Shutting down and abandoning module AndroidTargetPlatform (109)
[2018.10.17-12.00.17:016][ 32]LogModuleManager: Shutting down and abandoning module WindowsTargetPlatform (107)
[2018.10.17-12.00.17:016][ 32]LogModuleManager: Shutting down and abandoning module WindowsServerTargetPlatform (105)
[2018.10.17-12.00.17:016][ 32]LogModuleManager: Shutting down and abandoning module WindowsNoEditorTargetPlatform (103)
[2018.10.17-12.00.17:016][ 32]LogModuleManager: Shutting down and abandoning module WindowsClientTargetPlatform (101)
[2018.10.17-12.00.17:016][ 32]LogModuleManager: Shutting down and abandoning module MacTargetPlatform (99)
[2018.10.17-12.00.17:016][ 32]LogModuleManager: Shutting down and abandoning module MacServerTargetPlatform (97)
[2018.10.17-12.00.17:016][ 32]LogModuleManager: Shutting down and abandoning module MacNoEditorTargetPlatform (95)
[2018.10.17-12.00.17:016][ 32]LogModuleManager: Shutting down and abandoning module MacClientTargetPlatform (93)
[2018.10.17-12.00.17:016][ 32]LogModuleManager: Shutting down and abandoning module AllDesktopTargetPlatform (91)
[2018.10.17-12.00.17:016][ 32]LogModuleManager: Shutting down and abandoning module InputCore (88)
[2018.10.17-12.00.17:016][ 32]LogModuleManager: Shutting down and abandoning module Settings (86)
[2018.10.17-12.00.17:016][ 32]LogModuleManager: Shutting down and abandoning module PhysXCooking (84)
[2018.10.17-12.00.17:016][ 32]LogModuleManager: Shutting down and abandoning module SteamVR (82)
[2018.10.17-12.00.17:016][ 32]LogModuleManager: Shutting down and abandoning module OculusHMD (80)
[2018.10.17-12.00.17:016][ 32]LogModuleManager: Shutting down and abandoning module ExampleDeviceProfileSelector (78)
[2018.10.17-12.00.17:016][ 32]LogModuleManager: Shutting down and abandoning module LauncherChunkInstaller (76)
[2018.10.17-12.00.17:016][ 32]LogModuleManager: Shutting down and abandoning module OnlineBlueprintSupport (74)
[2018.10.17-12.00.17:016][ 32]LogModuleManager: Shutting down and abandoning module OnlineSubsystem (70)
[2018.10.17-12.00.17:017][ 32]LogModuleManager: Shutting down and abandoning module XMPP (65)
[2018.10.17-12.00.17:017][ 32]LogModuleManager: Shutting down and abandoning module WebSockets (64)
[2018.10.17-12.00.17:022][ 32]LogModuleManager: Shutting down and abandoning module HTTP (61)
[2018.10.17-12.00.17:022][ 32]LogHttp: Display: Http module shutting down, but needs to wait on 1 outstanding Http requests:
[2018.10.17-12.00.17:022][ 32]LogHttp: Display: 	verb=[POST] url=[https://datarouter.ol.epicgames.com/datarouter/api/v1/public/data?SessionID=%7B9A73D8A0-4D4B-B0C4-7CF3-5E86715256C1%7D&AppID=UEEditor.Rocket.Release&AppVersion=4.20.3-4369336%2B%2B%2BUE4%2BRelease-4.20&UserID=207490d14633a12c7c1977a0b44dabee%7C7b8e2bb8b466411588cadfe08ecd7de9%7C61e4c100-ac35-48f5-b2e6-89807693b8fd&AppEnvironment=datacollector-binary&UploadType=eteventstream] status=Processing
[2018.10.17-12.00.17:042][ 32]LogModuleManager: Shutting down and abandoning module SSL (60)
[2018.10.17-12.00.17:043][ 32]LogModuleManager: Shutting down and abandoning module MagicLeapEmulator (56)
[2018.10.17-12.00.17:043][ 32]LogModuleManager: Shutting down and abandoning module MagicLeapPrivileges (54)
[2018.10.17-12.00.17:043][ 32]LogModuleManager: Shutting down and abandoning module MagicLeapIdentity (52)
[2018.10.17-12.00.17:043][ 32]LogModuleManager: Shutting down and abandoning module MagicLeapHelperVulkan (50)
[2018.10.17-12.00.17:043][ 32]LogModuleManager: Shutting down and abandoning module MagicLeapHelperOpenGL (48)
[2018.10.17-12.00.17:043][ 32]LogModuleManager: Shutting down and abandoning module MagicLeapSecureStorage (46)
[2018.10.17-12.00.17:043][ 32]LogModuleManager: Shutting down and abandoning module MagicLeapGestures (44)
[2018.10.17-12.00.17:043][ 32]LogModuleManager: Shutting down and abandoning module MagicLeapEyeTracker (42)
[2018.10.17-12.00.17:043][ 32]LogModuleManager: Shutting down and abandoning module MagicLeapController (40)
[2018.10.17-12.00.17:043][ 32]LogSlate: Slate User Destroyed.  User Index 0, Is Virtual User: 0
[2018.10.17-12.00.17:043][ 32]LogModuleManager: Shutting down and abandoning module MagicLeap (38)
[2018.10.17-12.00.17:043][ 32]LogModuleManager: Shutting down and abandoning module AnimationModifiers (36)
[2018.10.17-12.00.17:043][ 32]LogModuleManager: Shutting down and abandoning module PropertyEditor (35)
[2018.10.17-12.00.17:043][ 32]LogModuleManager: Shutting down and abandoning module AudioEditor (32)
[2018.10.17-12.00.17:043][ 32]LogModuleManager: Shutting down and abandoning module TextureCompressor (30)
[2018.10.17-12.00.17:043][ 32]LogModuleManager: Shutting down and abandoning module ShaderCore (28)
[2018.10.17-12.00.17:043][ 32]LogModuleManager: Shutting down and abandoning module Landscape (26)
[2018.10.17-12.00.17:043][ 32]LogModuleManager: Shutting down and abandoning module SlateRHIRenderer (24)
[2018.10.17-12.00.17:044][ 32]LogModuleManager: Shutting down and abandoning module OpenGLDrv (22)
[2018.10.17-12.00.17:044][ 32]LogModuleManager: Shutting down and abandoning module D3D11RHI (20)
[2018.10.17-12.00.17:044][ 32]LogModuleManager: Shutting down and abandoning module AnimGraphRuntime (18)
[2018.10.17-12.00.17:044][ 32]LogModuleManager: Shutting down and abandoning module Renderer (16)
[2018.10.17-12.00.17:044][ 32]LogModuleManager: Shutting down and abandoning module Engine (14)
[2018.10.17-12.00.17:044][ 32]LogModuleManager: Shutting down and abandoning module CoreUObject (12)
[2018.10.17-12.00.17:044][ 32]LogModuleManager: Shutting down and abandoning module NetworkFile (10)
[2018.10.17-12.00.17:044][ 32]LogModuleManager: Shutting down and abandoning module CookedIterativeFile (8)
[2018.10.17-12.00.17:044][ 32]LogModuleManager: Shutting down and abandoning module StreamingFile (6)
[2018.10.17-12.00.17:044][ 32]LogModuleManager: Shutting down and abandoning module SandboxFile (4)
[2018.10.17-12.00.17:044][ 32]LogModuleManager: Shutting down and abandoning module PakFile (2)
[2018.10.17-12.00.17:048][ 32]LogExit: Exiting.
[2018.10.17-12.00.17:072][ 32]Log file closed, 10/17/18 17:30:17
